<?xml version="1.0" encoding="UTF-8"?>
<testng-results ignored="0" total="1" passed="1" failed="0" skipped="0">
  <reporter-output>
  </reporter-output>
  <suite started-at="2024-05-10T18:15:14 IST" name="Default suite" finished-at="2024-05-10T18:17:01 IST" duration-ms="107350">
    <groups>
    </groups>
    <test started-at="2024-05-10T18:15:14 IST" name="Default test" finished-at="2024-05-10T18:17:01 IST" duration-ms="107350">
      <class name="tests.TestAppointment">
        <test-method is-config="true" signature="setup()[pri:0, instance:tests.TestAppointment@4dbb42b7]" started-at="2024-05-10T18:15:14 IST" name="setup" finished-at="2024-05-10T18:15:28 IST" duration-ms="14803" status="PASS">
          <reporter-output>
          </reporter-output>
        </test-method> <!-- setup -->
        <test-method signature="testAppointment()[pri:0, instance:tests.TestAppointment@4dbb42b7]" started-at="2024-05-10T18:15:28 IST" name="testAppointment" finished-at="2024-05-10T18:17:01 IST" duration-ms="92507" status="PASS">
          <reporter-output>
          </reporter-output>
        </test-method> <!-- testAppointment -->
        <test-method is-config="true" signature="tearDown()[pri:0, instance:tests.TestAppointment@4dbb42b7]" started-at="2024-05-10T18:17:01 IST" name="tearDown" finished-at="2024-05-10T18:17:01 IST" duration-ms="11" status="PASS">
          <reporter-output>
          </reporter-output>
        </test-method> <!-- tearDown -->
      </class> <!-- tests.TestAppointment -->
    </test> <!-- Default test -->
  </suite> <!-- Default suite -->
</testng-results>
